<?xml version="1.0" encoding="UTF-8"?>
<!-- Generated by org.testng.reporters.JUnitReportReporter -->
<testsuite hostname="DESKTOP-R7DPGRF" failures="0" tests="6" name="testNG.DriveACar" time="0.031" errors="0" timestamp="2021-05-29T22:54:26 IST" skipped="1">
  <testcase classname="testNG.DriveACar" name="Startthecar" time="0.004"/>
  <system-out/>
  <testcase classname="testNG.DriveACar" name="Firstgear" time="0.011"/>
  <system-out/>
  <testcase classname="testNG.DriveACar" name="secondgear" time="0.008"/>
  <system-out/>
  <testcase classname="testNG.DriveACar" name="thirdgear" time="0.003"/>
  <system-out/>
  <testcase classname="testNG.DriveACar" name="fourthgear" time="0.005"/>
  <system-out/>
  <testcase classname="testNG.DriveACar" name="startthemusic">
    <skipped/>
  </testcase> <!-- startthemusic -->
  <system-out/>
</testsuite> <!-- testNG.DriveACar -->
