<?xml version="1.0" encoding="UTF-8"?>
<!-- Generated by org.testng.reporters.JUnitReportReporter -->
<testsuite hostname="DESKTOP-R7DPGRF" failures="0" tests="3" name="testNG.SuiteExample" time="34.830" errors="0" timestamp="2021-05-29T22:54:26 IST" skipped="0">
  <testcase classname="testNG.SuiteExample" name="openBing" time="3.071"/>
  <system-out/>
  <testcase classname="testNG.SuiteExample" name="openGoogle" time="9.542"/>
  <system-out/>
  <testcase classname="testNG.SuiteExample" name="openYahoo" time="22.217"/>
  <system-out/>
</testsuite> <!-- testNG.SuiteExample -->
