<?xml version="1.0" encoding="UTF-8"?>
<!-- Generated by org.testng.reporters.JUnitReportReporter -->
<testsuite hostname="DESKTOP-R7DPGRF" failures="0" tests="4" name="testNG.groupingexample" time="0.031" errors="0" timestamp="2021-05-29T23:34:04 IST" skipped="0">
  <testcase classname="testNG.groupingexample" name="Vivo2" time="0.002"/>
  <system-out/>
  <testcase classname="testNG.groupingexample" name="moto1" time="0.003"/>
  <system-out/>
  <testcase classname="testNG.groupingexample" name="moto2" time="0.002"/>
  <system-out/>
  <testcase classname="testNG.groupingexample" name="Vivo1" time="0.024"/>
  <system-out/>
</testsuite> <!-- testNG.groupingexample -->
