<?xml version="1.0" encoding="UTF-8"?>
<!-- Generated by org.testng.reporters.JUnitReportReporter -->
<testsuite hostname="DESKTOP-R7DPGRF" failures="0" tests="1" name="testNG.parameterization" time="0.507" errors="0" timestamp="2021-05-30T11:49:04 IST" skipped="0">
  <testcase classname="testNG.parameterization" name="inputname" time="0.507"/>
  <system-out/>
</testsuite> <!-- testNG.parameterization -->
