<?xml version="1.0" encoding="UTF-8"?>
<!-- Generated by org.testng.reporters.JUnitReportReporter -->
<testsuite hostname="DESKTOP-R7DPGRF" failures="0" tests="2" name="testNG.annotationshierarchyexample" time="0.022" errors="0" timestamp="2021-05-30T14:04:31 IST" skipped="0">
  <testcase classname="testNG.annotationshierarchyexample" name="test" time="0.016"/>
  <system-out/>
  <testcase classname="testNG.annotationshierarchyexample" name="test1" time="0.006"/>
  <system-out/>
</testsuite> <!-- testNG.annotationshierarchyexample -->
