<?xml version="1.0" encoding="UTF-8"?>
<!-- Generated by org.testng.reporters.JUnitReportReporter -->
<testsuite hostname="DESKTOP-R7DPGRF" failures="0" tests="2" name="testNG.ParallelTesting" time="113.154" errors="0" timestamp="2021-05-30T12:40:41 IST" skipped="0">
  <testcase classname="testNG.ParallelTesting" name="OpentheBing" time="56.110"/>
  <system-out/>
  <testcase classname="testNG.ParallelTesting" name="Openthegoogle" time="57.044"/>
  <system-out/>
</testsuite> <!-- testNG.ParallelTesting -->
