<?xml version="1.0" encoding="UTF-8"?>
<!-- Generated by org.testng.reporters.JUnitReportReporter -->
<testsuite hostname="DESKTOP-R7DPGRF" failures="0" tests="4" name="testNG.sampletestcase" time="0.054" errors="0" timestamp="2021-05-30T14:59:25 IST" skipped="0">
  <testcase classname="testNG.sampletestcase" name="thirdtestcase" time="0.009"/>
  <system-out/>
  <testcase classname="testNG.sampletestcase" name="firsttestcase" time="0.019"/>
  <system-out/>
  <testcase classname="testNG.sampletestcase" name="secondtestcase" time="0.003"/>
  <system-out/>
  <testcase classname="testNG.sampletestcase" name="fourthtestcase" time="0.023"/>
  <system-out/>
</testsuite> <!-- testNG.sampletestcase -->
