<?xml version="1.0" encoding="UTF-8"?>
<!-- Generated by org.testng.reporters.JUnitReportReporter -->
<testsuite hostname="DESKTOP-R7DPGRF" failures="0" tests="3" name="testNG.DepedenciesManagment" time="0.022" errors="0" timestamp="2021-05-29T22:54:26 IST" skipped="0">
  <testcase classname="testNG.DepedenciesManagment" name="highschool" time="0.014"/>
  <system-out/>
  <testcase classname="testNG.DepedenciesManagment" name="Engineering" time="0.006"/>
  <system-out/>
  <testcase classname="testNG.DepedenciesManagment" name="highersecondaryschool" time="0.002"/>
  <system-out/>
</testsuite> <!-- testNG.DepedenciesManagment -->
